latinime/build/outputs/logs/manifest-merger-debug-report.txt
-- Merging decision tree log ---
manifest
ADDED from src/main/AndroidManifest.xml:17:1-162:12
	package
		ADDED from src/main/AndroidManifest.xml:19:9-48
		INJECTED from src/main/AndroidManifest.xml
		INJECTED from src/main/AndroidManifest.xml
	android:versionName
		INJECTED from src/main/AndroidManifest.xml
		INJECTED from src/main/AndroidManifest.xml
	coreApp
		ADDED from src/main/AndroidManifest.xml:18:9-23
	xmlns:android
		ADDED from src/main/AndroidManifest.xml:17:11-69
	android:versionCode
		INJECTED from src/main/AndroidManifest.xml
		INJECTED from src/main/AndroidManifest.xml
uses-sdk
ADDED from src/main/AndroidManifest.xml:21:5-74
MERGED from [com.android.support:multidex:1.0.1] AndroidManifest.xml:18:5-42
MERGED from [com.android.support:support-v4:23.3.0] AndroidManifest.xml:20:5-43
	android:targetSdkVersion
		ADDED from src/main/AndroidManifest.xml:21:42-71
		INJECTED from src/main/AndroidManifest.xml
		INJECTED from src/main/AndroidManifest.xml
	android:minSdkVersion
		ADDED from src/main/AndroidManifest.xml:21:15-41
		INJECTED from src/main/AndroidManifest.xml
		INJECTED from src/main/AndroidManifest.xml
uses-permission#android.permission.ACCESS_NETWORK_STATE
ADDED from src/main/AndroidManifest.xml:23:5-79
	android:name
		ADDED from src/main/AndroidManifest.xml:23:22-76
uses-permission#android.permission.DOWNLOAD_WITHOUT_NOTIFICATION
ADDED from src/main/AndroidManifest.xml:24:5-88
	android:name
		ADDED from src/main/AndroidManifest.xml:24:22-85
uses-permission#android.permission.GET_ACCOUNTS
ADDED from src/main/AndroidManifest.xml:25:5-71
	android:name
		ADDED from src/main/AndroidManifest.xml:25:22-68
uses-permission#android.permission.READ_CONTACTS
ADDED from src/main/AndroidManifest.xml:26:5-72
	android:name
		ADDED from src/main/AndroidManifest.xml:26:22-69
uses-permission#android.permission.READ_PROFILE
ADDED from src/main/AndroidManifest.xml:27:5-71
	android:name
		ADDED from src/main/AndroidManifest.xml:27:22-68
uses-permission#android.permission.READ_USER_DICTIONARY
ADDED from src/main/AndroidManifest.xml:28:5-79
	android:name
		ADDED from src/main/AndroidManifest.xml:28:22-76
uses-permission#android.permission.RECEIVE_BOOT_COMPLETED
ADDED from src/main/AndroidManifest.xml:29:5-81
	android:name
		ADDED from src/main/AndroidManifest.xml:29:22-78
uses-permission#android.permission.VIBRATE
ADDED from src/main/AndroidManifest.xml:30:5-66
	android:name
		ADDED from src/main/AndroidManifest.xml:30:22-63
uses-permission#android.permission.WRITE_EXTERNAL_STORAGE
ADDED from src/main/AndroidManifest.xml:31:5-81
	android:name
		ADDED from src/main/AndroidManifest.xml:31:22-78
uses-permission#android.permission.WRITE_USER_DICTIONARY
ADDED from src/main/AndroidManifest.xml:32:5-80
	android:name
		ADDED from src/main/AndroidManifest.xml:32:22-77
application
ADDED from src/main/AndroidManifest.xml:34:5-161:19
MERGED from [com.android.support:support-v4:23.3.0] AndroidManifest.xml:22:5-20
	android:label
		ADDED from src/main/AndroidManifest.xml:34:18-58
	android:supportsRtl
		ADDED from src/main/AndroidManifest.xml:37:13-39
	android:killAfterRestore
		ADDED from src/main/AndroidManifest.xml:36:13-45
	android:allowBackup
		ADDED from src/main/AndroidManifest.xml:38:13-39
	android:icon
		ADDED from src/main/AndroidManifest.xml:35:13-58
service#com.android.inputmethod.latin.LatinIME
ADDED from src/main/AndroidManifest.xml:40:9-47:19
	android:label
		ADDED from src/main/AndroidManifest.xml:41:17-57
	android:permission
		ADDED from src/main/AndroidManifest.xml:42:17-74
	android:name
		ADDED from src/main/AndroidManifest.xml:40:18-41
intent-filter#android.view.InputMethod
ADDED from src/main/AndroidManifest.xml:43:13-45:29
action#android.view.InputMethod
ADDED from src/main/AndroidManifest.xml:44:17-67
	android:name
		ADDED from src/main/AndroidManifest.xml:44:25-64
meta-data#android.view.im
ADDED from src/main/AndroidManifest.xml:46:13-88
	android:resource
		ADDED from src/main/AndroidManifest.xml:46:55-85
	android:name
		ADDED from src/main/AndroidManifest.xml:46:24-54
service#com.android.inputmethod.latin.spellcheck.AndroidSpellCheckerService
ADDED from src/main/AndroidManifest.xml:49:9-57:19
	android:label
		ADDED from src/main/AndroidManifest.xml:50:18-68
	android:permission
		ADDED from src/main/AndroidManifest.xml:51:18-75
	android:name
		ADDED from src/main/AndroidManifest.xml:49:18-71
intent-filter#android.service.textservice.SpellCheckerService
ADDED from src/main/AndroidManifest.xml:52:13-54:29
action#android.service.textservice.SpellCheckerService
ADDED from src/main/AndroidManifest.xml:53:17-90
	android:name
		ADDED from src/main/AndroidManifest.xml:53:25-87
meta-data#android.view.textservice.scs
ADDED from src/main/AndroidManifest.xml:55:13-56:60
	android:resource
		ADDED from src/main/AndroidManifest.xml:56:21-57
	android:name
		ADDED from src/main/AndroidManifest.xml:55:24-67
activity#com.android.inputmethod.latin.setup.SetupActivity
ADDED from src/main/AndroidManifest.xml:59:9-69:20
	android:label
		ADDED from src/main/AndroidManifest.xml:61:17-57
	android:launchMode
		ADDED from src/main/AndroidManifest.xml:63:17-48
	android:noHistory
		ADDED from src/main/AndroidManifest.xml:64:17-41
	android:icon
		ADDED from src/main/AndroidManifest.xml:62:17-62
	android:theme
		ADDED from src/main/AndroidManifest.xml:60:17-61
	android:name
		ADDED from src/main/AndroidManifest.xml:59:19-54
intent-filter#android.intent.action.MAIN+android.intent.category.LAUNCHER
ADDED from src/main/AndroidManifest.xml:65:13-68:29
action#android.intent.action.MAIN
ADDED from src/main/AndroidManifest.xml:66:17-69
	android:name
		ADDED from src/main/AndroidManifest.xml:66:25-66
category#android.intent.category.LAUNCHER
ADDED from src/main/AndroidManifest.xml:67:17-77
	android:name
		ADDED from src/main/AndroidManifest.xml:67:27-74
activity#com.android.inputmethod.latin.setup.SetupWizardActivity
ADDED from src/main/AndroidManifest.xml:71:9-78:20
	android:clearTaskOnLaunch
		ADDED from src/main/AndroidManifest.xml:74:17-49
	android:label
		ADDED from src/main/AndroidManifest.xml:73:17-57
	android:theme
		ADDED from src/main/AndroidManifest.xml:72:17-61
	android:name
		ADDED from src/main/AndroidManifest.xml:71:19-60
intent-filter#android.intent.action.MAIN
ADDED from src/main/AndroidManifest.xml:75:13-77:29
receiver#com.android.inputmethod.latin.SystemBroadcastReceiver
ADDED from src/main/AndroidManifest.xml:80:9-87:20
	android:name
		ADDED from src/main/AndroidManifest.xml:80:19-57
intent-filter#android.intent.action.BOOT_COMPLETED+android.intent.action.LOCALE_CHANGED+android.intent.action.MY_PACKAGE_REPLACED+android.intent.action.USER_INITIALIZE
ADDED from src/main/AndroidManifest.xml:81:13-86:29
action#android.intent.action.MY_PACKAGE_REPLACED
ADDED from src/main/AndroidManifest.xml:82:17-84
	android:name
		ADDED from src/main/AndroidManifest.xml:82:25-81
action#android.intent.action.BOOT_COMPLETED
ADDED from src/main/AndroidManifest.xml:83:17-79
	android:name
		ADDED from src/main/AndroidManifest.xml:83:25-76
action#android.intent.action.USER_INITIALIZE
ADDED from src/main/AndroidManifest.xml:84:17-80
	android:name
		ADDED from src/main/AndroidManifest.xml:84:25-77
action#android.intent.action.LOCALE_CHANGED
ADDED from src/main/AndroidManifest.xml:85:17-79
	android:name
		ADDED from src/main/AndroidManifest.xml:85:25-76
activity#com.android.inputmethod.latin.settings.SettingsActivity
ADDED from src/main/AndroidManifest.xml:89:9-96:20
	android:label
		ADDED from src/main/AndroidManifest.xml:91:17-61
	android:uiOptions
		ADDED from src/main/AndroidManifest.xml:92:17-61
	android:theme
		ADDED from src/main/AndroidManifest.xml:90:17-61
	android:name
		ADDED from src/main/AndroidManifest.xml:89:19-60
activity#com.android.inputmethod.latin.spellcheck.SpellCheckerSettingsActivity
ADDED from src/main/AndroidManifest.xml:98:9-104:20
	android:label
		ADDED from src/main/AndroidManifest.xml:100:19-73
	android:theme
		ADDED from src/main/AndroidManifest.xml:99:19-63
	android:name
		ADDED from src/main/AndroidManifest.xml:98:19-74
receiver#com.android.inputmethod.latin.SuggestionSpanPickedNotificationReceiver
ADDED from src/main/AndroidManifest.xml:106:9-110:20
	android:enabled
		ADDED from src/main/AndroidManifest.xml:106:75-97
	android:name
		ADDED from src/main/AndroidManifest.xml:106:19-74
intent-filter#android.text.style.SUGGESTION_PICKED
ADDED from src/main/AndroidManifest.xml:107:13-109:29
action#android.text.style.SUGGESTION_PICKED
ADDED from src/main/AndroidManifest.xml:108:17-79
	android:name
		ADDED from src/main/AndroidManifest.xml:108:25-76
receiver#com.android.inputmethod.latin.personalization.DictionaryDecayBroadcastReciever
ADDED from src/main/AndroidManifest.xml:112:9-117:20
	android:exported
		ADDED from src/main/AndroidManifest.xml:113:13-37
	android:name
		ADDED from src/main/AndroidManifest.xml:112:19-83
intent-filter#com.android.inputmethod.latin.personalization.DICT_DECAY
ADDED from src/main/AndroidManifest.xml:114:13-116:29
action#com.android.inputmethod.latin.personalization.DICT_DECAY
ADDED from src/main/AndroidManifest.xml:115:17-99
	android:name
		ADDED from src/main/AndroidManifest.xml:115:25-96
receiver#com.android.inputmethod.latin.DictionaryPackInstallBroadcastReceiver
ADDED from src/main/AndroidManifest.xml:119:9-123:20
	android:exported
		ADDED from src/main/AndroidManifest.xml:119:74-98
	android:name
		ADDED from src/main/AndroidManifest.xml:119:19-73
intent-filter#com.android.inputmethod.dictionarypack.aosp.UNKNOWN_CLIENT
ADDED from src/main/AndroidManifest.xml:120:13-122:29
action#com.android.inputmethod.dictionarypack.aosp.UNKNOWN_CLIENT
ADDED from src/main/AndroidManifest.xml:121:17-101
	android:name
		ADDED from src/main/AndroidManifest.xml:121:25-98
provider#com.android.inputmethod.dictionarypack.DictionaryProvider
ADDED from src/main/AndroidManifest.xml:125:9-131:20
	android:authorities
		ADDED from src/main/AndroidManifest.xml:128:17-56
	android:grantUriPermissions
		ADDED from src/main/AndroidManifest.xml:126:17-51
	android:label
		ADDED from src/main/AndroidManifest.xml:130:17-65
	android:multiprocess
		ADDED from src/main/AndroidManifest.xml:129:17-45
	android:exported
		ADDED from src/main/AndroidManifest.xml:127:17-41
	android:name
		ADDED from src/main/AndroidManifest.xml:125:19-91
service#com.android.inputmethod.dictionarypack.DictionaryService
ADDED from src/main/AndroidManifest.xml:133:9-135:19
	android:label
		ADDED from src/main/AndroidManifest.xml:134:17-64
	android:name
		ADDED from src/main/AndroidManifest.xml:133:18-89
receiver#com.android.inputmethod.dictionarypack.EventHandler
ADDED from src/main/AndroidManifest.xml:137:9-143:20
	android:name
		ADDED from src/main/AndroidManifest.xml:137:19-85
intent-filter#android.intent.action.DATE_CHANGED+android.intent.action.DOWNLOAD_COMPLETE+com.android.inputmethod.dictionarypack.aosp.UPDATE_NOW
ADDED from src/main/AndroidManifest.xml:138:13-142:29
action#android.intent.action.DOWNLOAD_COMPLETE
ADDED from src/main/AndroidManifest.xml:139:17-82
	android:name
		ADDED from src/main/AndroidManifest.xml:139:25-79
action#android.intent.action.DATE_CHANGED
ADDED from src/main/AndroidManifest.xml:140:17-77
	android:name
		ADDED from src/main/AndroidManifest.xml:140:25-74
action#com.android.inputmethod.dictionarypack.aosp.UPDATE_NOW
ADDED from src/main/AndroidManifest.xml:141:17-97
	android:name
		ADDED from src/main/AndroidManifest.xml:141:25-94
activity#com.android.inputmethod.dictionarypack.DictionarySettingsActivity
ADDED from src/main/AndroidManifest.xml:145:9-152:20
	android:label
		ADDED from src/main/AndroidManifest.xml:147:17-66
	android:uiOptions
		ADDED from src/main/AndroidManifest.xml:148:17-61
	android:theme
		ADDED from src/main/AndroidManifest.xml:146:17-61
	android:name
		ADDED from src/main/AndroidManifest.xml:145:19-99
activity#com.android.inputmethod.dictionarypack.DownloadOverMeteredDialog
ADDED from src/main/AndroidManifest.xml:154:9-160:20
	android:label
		ADDED from src/main/AndroidManifest.xml:156:17-87
	android:theme
		ADDED from src/main/AndroidManifest.xml:155:17-61
	android:name
		ADDED from src/main/AndroidManifest.xml:154:19-98